<?xml version="1.0" encoding="UTF-8"?>
<!-- Generated by org.testng.reporters.JUnitReportReporter -->
<testsuite hostname="Samsung-PC" failures="0" tests="1" name="com.test.common.utils.CommonActions" time="0.024" errors="0" timestamp="27 Apr 2019 11:48:04 GMT" skipped="0">
  <testcase classname="com.test.common.utils.CommonActions" name="m1" time="0.024"/>
</testsuite> <!-- com.test.common.utils.CommonActions -->
